
*** Running vivado
    with args -log Z_system_wrapper.vds -m64 -product Vivado -mode batch -messageDb vivado.pb -notrace -source Z_system_wrapper.tcl



****** Vivado v2021.1 (64-bit)
  **** SW Build 3247384 on Thu Jun 10 19:36:33 MDT 2021
  **** IP Build 3246043 on Fri Jun 11 00:30:35 MDT 2021
    ** Copyright 1986-2021 Xilinx, Inc. All Rights Reserved.

source Z_system_wrapper.tcl -notrace
INFO: [IP_Flow 19-234] Refreshing IP repositories
INFO: [IP_Flow 19-1704] No user IP repositories specified
INFO: [IP_Flow 19-2313] Loaded Vivado IP repository 'F:/Xilinx/Vivado/2021.1/data/ip'.
Command: synth_design -top Z_system_wrapper -part xc7z007sclg225-1
Starting synth_design
Attempting to get a license for feature 'Synthesis' and/or device 'xc7z007s'
INFO: [Common 17-349] Got license for feature 'Synthesis' and/or device 'xc7z007s'
INFO: [Device 21-403] Loading part xc7z007sclg225-1
INFO: [Synth 8-7079] Multithreading enabled for synth_design using a maximum of 2 processes.
INFO: [Synth 8-7078] Launching helper process for spawning children vivado processes
INFO: [Synth 8-7075] Helper process launched with PID 8404
---------------------------------------------------------------------------------
Starting RTL Elaboration : Time (s): cpu = 00:00:09 ; elapsed = 00:00:10 . Memory (MB): peak = 1140.199 ; gain = 0.000
---------------------------------------------------------------------------------
INFO: [Synth 8-638] synthesizing module 'Z_system_wrapper' [C:/xilinx/vivado/motorpwm/motorpwm.gen/sources_1/bd/Z_system/hdl/Z_system_wrapper.vhd:42]
INFO: [Synth 8-3491] module 'Z_system' declared at 'c:/xilinx/vivado/motorpwm/motorpwm.gen/sources_1/bd/Z_system/synth/Z_system.vhd:14' bound to instance 'Z_system_i' of component 'Z_system' [C:/xilinx/vivado/motorpwm/motorpwm.gen/sources_1/bd/Z_system/hdl/Z_system_wrapper.vhd:71]
INFO: [Synth 8-638] synthesizing module 'Z_system' [c:/xilinx/vivado/motorpwm/motorpwm.gen/sources_1/bd/Z_system/synth/Z_system.vhd:46]
INFO: [Synth 8-3491] module 'Z_system_processing_system7_0_0' declared at 'C:/xilinx/vivado/motorpwm/motorpwm.runs/synth_1/.Xil/Vivado-4696-DESKTOP-T2H1A7N/realtime/Z_system_processing_system7_0_0_stub.vhdl:5' bound to instance 'processing_system7_0' of component 'Z_system_processing_system7_0_0' [c:/xilinx/vivado/motorpwm/motorpwm.gen/sources_1/bd/Z_system/synth/Z_system.vhd:191]
INFO: [Synth 8-638] synthesizing module 'Z_system_processing_system7_0_0' [C:/xilinx/vivado/motorpwm/motorpwm.runs/synth_1/.Xil/Vivado-4696-DESKTOP-T2H1A7N/realtime/Z_system_processing_system7_0_0_stub.vhdl:74]
INFO: [Synth 8-256] done synthesizing module 'Z_system' (1#1) [c:/xilinx/vivado/motorpwm/motorpwm.gen/sources_1/bd/Z_system/synth/Z_system.vhd:46]
INFO: [Synth 8-256] done synthesizing module 'Z_system_wrapper' (2#1) [C:/xilinx/vivado/motorpwm/motorpwm.gen/sources_1/bd/Z_system/hdl/Z_system_wrapper.vhd:42]
---------------------------------------------------------------------------------
Finished RTL Elaboration : Time (s): cpu = 00:00:11 ; elapsed = 00:00:12 . Memory (MB): peak = 1140.199 ; gain = 0.000
---------------------------------------------------------------------------------
---------------------------------------------------------------------------------
Start Handling Custom Attributes
---------------------------------------------------------------------------------
---------------------------------------------------------------------------------
Finished Handling Custom Attributes : Time (s): cpu = 00:00:11 ; elapsed = 00:00:13 . Memory (MB): peak = 1140.199 ; gain = 0.000
---------------------------------------------------------------------------------
---------------------------------------------------------------------------------
Finished RTL Optimization Phase 1 : Time (s): cpu = 00:00:11 ; elapsed = 00:00:13 . Memory (MB): peak = 1140.199 ; gain = 0.000
---------------------------------------------------------------------------------
Netlist sorting complete. Time (s): cpu = 00:00:00 ; elapsed = 00:00:00.003 . Memory (MB): peak = 1140.199 ; gain = 0.000
INFO: [Project 1-570] Preparing netlist for logic optimization

Processing XDC Constraints
Initializing timing engine
Parsing XDC File [c:/xilinx/vivado/motorpwm/motorpwm.gen/sources_1/bd/Z_system/ip/Z_system_processing_system7_0_0/Z_system_processing_system7_0_0/Z_system_processing_system7_0_0_in_context.xdc] for cell 'Z_system_i/processing_system7_0'
Finished Parsing XDC File [c:/xilinx/vivado/motorpwm/motorpwm.gen/sources_1/bd/Z_system/ip/Z_system_processing_system7_0_0/Z_system_processing_system7_0_0/Z_system_processing_system7_0_0_in_context.xdc] for cell 'Z_system_i/processing_system7_0'
Parsing XDC File [C:/xilinx/vivado/motorpwm/motorpwm.srcs/constrs_1/new/io.xdc]
Finished Parsing XDC File [C:/xilinx/vivado/motorpwm/motorpwm.srcs/constrs_1/new/io.xdc]
INFO: [Project 1-236] Implementation specific constraints were found while reading constraint file [C:/xilinx/vivado/motorpwm/motorpwm.srcs/constrs_1/new/io.xdc]. These constraints will be ignored for synthesis but will be used in implementation. Impacted constraints are listed in the file [.Xil/Z_system_wrapper_propImpl.xdc].
Resolution: To avoid this warning, move constraints listed in [.Xil/Z_system_wrapper_propImpl.xdc] to another XDC file and exclude this new file from synthesis with the used_in_synthesis property (File Properties dialog in GUI) and re-run elaboration/synthesis.
Parsing XDC File [C:/xilinx/vivado/motorpwm/motorpwm.runs/synth_1/dont_touch.xdc]
Finished Parsing XDC File [C:/xilinx/vivado/motorpwm/motorpwm.runs/synth_1/dont_touch.xdc]
Completed Processing XDC Constraints

Netlist sorting complete. Time (s): cpu = 00:00:00 ; elapsed = 00:00:00 . Memory (MB): peak = 1140.199 ; gain = 0.000
INFO: [Project 1-111] Unisim Transformation Summary:
No Unisim elements were transformed.

Constraint Validation Runtime : Time (s): cpu = 00:00:00 ; elapsed = 00:00:00.008 . Memory (MB): peak = 1140.199 ; gain = 0.000
---------------------------------------------------------------------------------
Finished Constraint Validation : Time (s): cpu = 00:00:29 ; elapsed = 00:00:31 . Memory (MB): peak = 1140.199 ; gain = 0.000
---------------------------------------------------------------------------------
---------------------------------------------------------------------------------
Start Loading Part and Timing Information
---------------------------------------------------------------------------------
Loading part: xc7z007sclg225-1
---------------------------------------------------------------------------------
Finished Loading Part and Timing Information : Time (s): cpu = 00:00:29 ; elapsed = 00:00:31 . Memory (MB): peak = 1140.199 ; gain = 0.000
---------------------------------------------------------------------------------
---------------------------------------------------------------------------------
Start Applying 'set_property' XDC Constraints
---------------------------------------------------------------------------------
Applied set_property IO_BUFFER_TYPE = NONE for DDR_addr[0]. (constraint file  c:/xilinx/vivado/motorpwm/motorpwm.gen/sources_1/bd/Z_system/ip/Z_system_processing_system7_0_0/Z_system_processing_system7_0_0/Z_system_processing_system7_0_0_in_context.xdc, line 1).
Applied set_property CLOCK_BUFFER_TYPE = NONE for DDR_addr[0]. (constraint file  c:/xilinx/vivado/motorpwm/motorpwm.gen/sources_1/bd/Z_system/ip/Z_system_processing_system7_0_0/Z_system_processing_system7_0_0/Z_system_processing_system7_0_0_in_context.xdc, line 2).
Applied set_property IO_BUFFER_TYPE = NONE for DDR_addr[10]. (constraint file  c:/xilinx/vivado/motorpwm/motorpwm.gen/sources_1/bd/Z_system/ip/Z_system_processing_system7_0_0/Z_system_processing_system7_0_0/Z_system_processing_system7_0_0_in_context.xdc, line 3).
Applied set_property CLOCK_BUFFER_TYPE = NONE for DDR_addr[10]. (constraint file  c:/xilinx/vivado/motorpwm/motorpwm.gen/sources_1/bd/Z_system/ip/Z_system_processing_system7_0_0/Z_system_processing_system7_0_0/Z_system_processing_system7_0_0_in_context.xdc, line 4).
Applied set_property IO_BUFFER_TYPE = NONE for DDR_addr[11]. (constraint file  c:/xilinx/vivado/motorpwm/motorpwm.gen/sources_1/bd/Z_system/ip/Z_system_processing_system7_0_0/Z_system_processing_system7_0_0/Z_system_processing_system7_0_0_in_context.xdc, line 5).
Applied set_property CLOCK_BUFFER_TYPE = NONE for DDR_addr[11]. (constraint file  c:/xilinx/vivado/motorpwm/motorpwm.gen/sources_1/bd/Z_system/ip/Z_system_processing_system7_0_0/Z_system_processing_system7_0_0/Z_system_processing_system7_0_0_in_context.xdc, line 6).
Applied set_property IO_BUFFER_TYPE = NONE for DDR_addr[12]. (constraint file  c:/xilinx/vivado/motorpwm/motorpwm.gen/sources_1/bd/Z_system/ip/Z_system_processing_system7_0_0/Z_system_processing_system7_0_0/Z_system_processing_system7_0_0_in_context.xdc, line 7).
Applied set_property CLOCK_BUFFER_TYPE = NONE for DDR_addr[12]. (constraint file  c:/xilinx/vivado/motorpwm/motorpwm.gen/sources_1/bd/Z_system/ip/Z_system_processing_system7_0_0/Z_system_processing_system7_0_0/Z_system_processing_system7_0_0_in_context.xdc, line 8).
Applied set_property IO_BUFFER_TYPE = NONE for DDR_addr[13]. (constraint file  c:/xilinx/vivado/motorpwm/motorpwm.gen/sources_1/bd/Z_system/ip/Z_system_processing_system7_0_0/Z_system_processing_system7_0_0/Z_system_processing_system7_0_0_in_context.xdc, line 9).
Applied set_property CLOCK_BUFFER_TYPE = NONE for DDR_addr[13]. (constraint file  c:/xilinx/vivado/motorpwm/motorpwm.gen/sources_1/bd/Z_system/ip/Z_system_processing_system7_0_0/Z_system_processing_system7_0_0/Z_system_processing_system7_0_0_in_context.xdc, line 10).
Applied set_property IO_BUFFER_TYPE = NONE for DDR_addr[14]. (constraint file  c:/xilinx/vivado/motorpwm/motorpwm.gen/sources_1/bd/Z_system/ip/Z_system_processing_system7_0_0/Z_system_processing_system7_0_0/Z_system_processing_system7_0_0_in_context.xdc, line 11).
Applied set_property CLOCK_BUFFER_TYPE = NONE for DDR_addr[14]. (constraint file  c:/xilinx/vivado/motorpwm/motorpwm.gen/sources_1/bd/Z_system/ip/Z_system_processing_system7_0_0/Z_system_processing_system7_0_0/Z_system_processing_system7_0_0_in_context.xdc, line 12).
Applied set_property IO_BUFFER_TYPE = NONE for DDR_addr[1]. (constraint file  c:/xilinx/vivado/motorpwm/motorpwm.gen/sources_1/bd/Z_system/ip/Z_system_processing_system7_0_0/Z_system_processing_system7_0_0/Z_system_processing_system7_0_0_in_context.xdc, line 13).
Applied set_property CLOCK_BUFFER_TYPE = NONE for DDR_addr[1]. (constraint file  c:/xilinx/vivado/motorpwm/motorpwm.gen/sources_1/bd/Z_system/ip/Z_system_processing_system7_0_0/Z_system_processing_system7_0_0/Z_system_processing_system7_0_0_in_context.xdc, line 14).
Applied set_property IO_BUFFER_TYPE = NONE for DDR_addr[2]. (constraint file  c:/xilinx/vivado/motorpwm/motorpwm.gen/sources_1/bd/Z_system/ip/Z_system_processing_system7_0_0/Z_system_processing_system7_0_0/Z_system_processing_system7_0_0_in_context.xdc, line 15).
Applied set_property CLOCK_BUFFER_TYPE = NONE for DDR_addr[2]. (constraint file  c:/xilinx/vivado/motorpwm/motorpwm.gen/sources_1/bd/Z_system/ip/Z_system_processing_system7_0_0/Z_system_processing_system7_0_0/Z_system_processing_system7_0_0_in_context.xdc, line 16).
Applied set_property IO_BUFFER_TYPE = NONE for DDR_addr[3]. (constraint file  c:/xilinx/vivado/motorpwm/motorpwm.gen/sources_1/bd/Z_system/ip/Z_system_processing_system7_0_0/Z_system_processing_system7_0_0/Z_system_processing_system7_0_0_in_context.xdc, line 17).
Applied set_property CLOCK_BUFFER_TYPE = NONE for DDR_addr[3]. (constraint file  c:/xilinx/vivado/motorpwm/motorpwm.gen/sources_1/bd/Z_system/ip/Z_system_processing_system7_0_0/Z_system_processing_system7_0_0/Z_system_processing_system7_0_0_in_context.xdc, line 18).
Applied set_property IO_BUFFER_TYPE = NONE for DDR_addr[4]. (constraint file  c:/xilinx/vivado/motorpwm/motorpwm.gen/sources_1/bd/Z_system/ip/Z_system_processing_system7_0_0/Z_system_processing_system7_0_0/Z_system_processing_system7_0_0_in_context.xdc, line 19).
Applied set_property CLOCK_BUFFER_TYPE = NONE for DDR_addr[4]. (constraint file  c:/xilinx/vivado/motorpwm/motorpwm.gen/sources_1/bd/Z_system/ip/Z_system_processing_system7_0_0/Z_system_processing_system7_0_0/Z_system_processing_system7_0_0_in_context.xdc, line 20).
Applied set_property IO_BUFFER_TYPE = NONE for DDR_addr[5]. (constraint file  c:/xilinx/vivado/motorpwm/motorpwm.gen/sources_1/bd/Z_system/ip/Z_system_processing_system7_0_0/Z_system_processing_system7_0_0/Z_system_processing_system7_0_0_in_context.xdc, line 21).
Applied set_property CLOCK_BUFFER_TYPE = NONE for DDR_addr[5]. (constraint file  c:/xilinx/vivado/motorpwm/motorpwm.gen/sources_1/bd/Z_system/ip/Z_system_processing_system7_0_0/Z_system_processing_system7_0_0/Z_system_processing_system7_0_0_in_context.xdc, line 22).
Applied set_property IO_BUFFER_TYPE = NONE for DDR_addr[6]. (constraint file  c:/xilinx/vivado/motorpwm/motorpwm.gen/sources_1/bd/Z_system/ip/Z_system_processing_system7_0_0/Z_system_processing_system7_0_0/Z_system_processing_system7_0_0_in_context.xdc, line 23).
Applied set_property CLOCK_BUFFER_TYPE = NONE for DDR_addr[6]. (constraint file  c:/xilinx/vivado/motorpwm/motorpwm.gen/sources_1/bd/Z_system/ip/Z_system_processing_system7_0_0/Z_system_processing_system7_0_0/Z_system_processing_system7_0_0_in_context.xdc, line 24).
Applied set_property IO_BUFFER_TYPE = NONE for DDR_addr[7]. (constraint file  c:/xilinx/vivado/motorpwm/motorpwm.gen/sources_1/bd/Z_system/ip/Z_system_processing_system7_0_0/Z_system_processing_system7_0_0/Z_system_processing_system7_0_0_in_context.xdc, line 25).
Applied set_property CLOCK_BUFFER_TYPE = NONE for DDR_addr[7]. (constraint file  c:/xilinx/vivado/motorpwm/motorpwm.gen/sources_1/bd/Z_system/ip/Z_system_processing_system7_0_0/Z_system_processing_system7_0_0/Z_system_processing_system7_0_0_in_context.xdc, line 26).
Applied set_property IO_BUFFER_TYPE = NONE for DDR_addr[8]. (constraint file  c:/xilinx/vivado/motorpwm/motorpwm.gen/sources_1/bd/Z_system/ip/Z_system_processing_system7_0_0/Z_system_processing_system7_0_0/Z_system_processing_system7_0_0_in_context.xdc, line 27).
Applied set_property CLOCK_BUFFER_TYPE = NONE for DDR_addr[8]. (constraint file  c:/xilinx/vivado/motorpwm/motorpwm.gen/sources_1/bd/Z_system/ip/Z_system_processing_system7_0_0/Z_system_processing_system7_0_0/Z_system_processing_system7_0_0_in_context.xdc, line 28).
Applied set_property IO_BUFFER_TYPE = NONE for DDR_addr[9]. (constraint file  c:/xilinx/vivado/motorpwm/motorpwm.gen/sources_1/bd/Z_system/ip/Z_system_processing_system7_0_0/Z_system_processing_system7_0_0/Z_system_processing_system7_0_0_in_context.xdc, line 29).
Applied set_property CLOCK_BUFFER_TYPE = NONE for DDR_addr[9]. (constraint file  c:/xilinx/vivado/motorpwm/motorpwm.gen/sources_1/bd/Z_system/ip/Z_system_processing_system7_0_0/Z_system_processing_system7_0_0/Z_system_processing_system7_0_0_in_context.xdc, line 30).
Applied set_property IO_BUFFER_TYPE = NONE for DDR_ba[0]. (constraint file  c:/xilinx/vivado/motorpwm/motorpwm.gen/sources_1/bd/Z_system/ip/Z_system_processing_system7_0_0/Z_system_processing_system7_0_0/Z_system_processing_system7_0_0_in_context.xdc, line 31).
Applied set_property CLOCK_BUFFER_TYPE = NONE for DDR_ba[0]. (constraint file  c:/xilinx/vivado/motorpwm/motorpwm.gen/sources_1/bd/Z_system/ip/Z_system_processing_system7_0_0/Z_system_processing_system7_0_0/Z_system_processing_system7_0_0_in_context.xdc, line 32).
Applied set_property IO_BUFFER_TYPE = NONE for DDR_ba[1]. (constraint file  c:/xilinx/vivado/motorpwm/motorpwm.gen/sources_1/bd/Z_system/ip/Z_system_processing_system7_0_0/Z_system_processing_system7_0_0/Z_system_processing_system7_0_0_in_context.xdc, line 33).
Applied set_property CLOCK_BUFFER_TYPE = NONE for DDR_ba[1]. (constraint file  c:/xilinx/vivado/motorpwm/motorpwm.gen/sources_1/bd/Z_system/ip/Z_system_processing_system7_0_0/Z_system_processing_system7_0_0/Z_system_processing_system7_0_0_in_context.xdc, line 34).
Applied set_property IO_BUFFER_TYPE = NONE for DDR_ba[2]. (constraint file  c:/xilinx/vivado/motorpwm/motorpwm.gen/sources_1/bd/Z_system/ip/Z_system_processing_system7_0_0/Z_system_processing_system7_0_0/Z_system_processing_system7_0_0_in_context.xdc, line 35).
Applied set_property CLOCK_BUFFER_TYPE = NONE for DDR_ba[2]. (constraint file  c:/xilinx/vivado/motorpwm/motorpwm.gen/sources_1/bd/Z_system/ip/Z_system_processing_system7_0_0/Z_system_processing_system7_0_0/Z_system_processing_system7_0_0_in_context.xdc, line 36).
Applied set_property IO_BUFFER_TYPE = NONE for DDR_cas_n. (constraint file  c:/xilinx/vivado/motorpwm/motorpwm.gen/sources_1/bd/Z_system/ip/Z_system_processing_system7_0_0/Z_system_processing_system7_0_0/Z_system_processing_system7_0_0_in_context.xdc, line 37).
Applied set_property CLOCK_BUFFER_TYPE = NONE for DDR_cas_n. (constraint file  c:/xilinx/vivado/motorpwm/motorpwm.gen/sources_1/bd/Z_system/ip/Z_system_processing_system7_0_0/Z_system_processing_system7_0_0/Z_system_processing_system7_0_0_in_context.xdc, line 38).
Applied set_property IO_BUFFER_TYPE = NONE for DDR_cke. (constraint file  c:/xilinx/vivado/motorpwm/motorpwm.gen/sources_1/bd/Z_system/ip/Z_system_processing_system7_0_0/Z_system_processing_system7_0_0/Z_system_processing_system7_0_0_in_context.xdc, line 39).
Applied set_property CLOCK_BUFFER_TYPE = NONE for DDR_cke. (constraint file  c:/xilinx/vivado/motorpwm/motorpwm.gen/sources_1/bd/Z_system/ip/Z_system_processing_system7_0_0/Z_system_processing_system7_0_0/Z_system_processing_system7_0_0_in_context.xdc, line 40).
Applied set_property IO_BUFFER_TYPE = NONE for DDR_cs_n. (constraint file  c:/xilinx/vivado/motorpwm/motorpwm.gen/sources_1/bd/Z_system/ip/Z_system_processing_system7_0_0/Z_system_processing_system7_0_0/Z_system_processing_system7_0_0_in_context.xdc, line 41).
Applied set_property CLOCK_BUFFER_TYPE = NONE for DDR_cs_n. (constraint file  c:/xilinx/vivado/motorpwm/motorpwm.gen/sources_1/bd/Z_system/ip/Z_system_processing_system7_0_0/Z_system_processing_system7_0_0/Z_system_processing_system7_0_0_in_context.xdc, line 42).
Applied set_property IO_BUFFER_TYPE = NONE for DDR_ck_p. (constraint file  c:/xilinx/vivado/motorpwm/motorpwm.gen/sources_1/bd/Z_system/ip/Z_system_processing_system7_0_0/Z_system_processing_system7_0_0/Z_system_processing_system7_0_0_in_context.xdc, line 43).
Applied set_property CLOCK_BUFFER_TYPE = NONE for DDR_ck_p. (constraint file  c:/xilinx/vivado/motorpwm/motorpwm.gen/sources_1/bd/Z_system/ip/Z_system_processing_system7_0_0/Z_system_processing_system7_0_0/Z_system_processing_system7_0_0_in_context.xdc, line 44).
Applied set_property IO_BUFFER_TYPE = NONE for DDR_ck_n. (constraint file  c:/xilinx/vivado/motorpwm/motorpwm.gen/sources_1/bd/Z_system/ip/Z_system_processing_system7_0_0/Z_system_processing_system7_0_0/Z_system_processing_system7_0_0_in_context.xdc, line 45).
Applied set_property CLOCK_BUFFER_TYPE = NONE for DDR_ck_n. (constraint file  c:/xilinx/vivado/motorpwm/motorpwm.gen/sources_1/bd/Z_system/ip/Z_system_processing_system7_0_0/Z_system_processing_system7_0_0/Z_system_processing_system7_0_0_in_context.xdc, line 46).
Applied set_property IO_BUFFER_TYPE = NONE for DDR_dm[0]. (constraint file  c:/xilinx/vivado/motorpwm/motorpwm.gen/sources_1/bd/Z_system/ip/Z_system_processing_system7_0_0/Z_system_processing_system7_0_0/Z_system_processing_system7_0_0_in_context.xdc, line 47).
Applied set_property CLOCK_BUFFER_TYPE = NONE for DDR_dm[0]. (constraint file  c:/xilinx/vivado/motorpwm/motorpwm.gen/sources_1/bd/Z_system/ip/Z_system_processing_system7_0_0/Z_system_processing_system7_0_0/Z_system_processing_system7_0_0_in_context.xdc, line 48).
Applied set_property IO_BUFFER_TYPE = NONE for DDR_dm[1]. (constraint file  c:/xilinx/vivado/motorpwm/motorpwm.gen/sources_1/bd/Z_system/ip/Z_system_processing_system7_0_0/Z_system_processing_system7_0_0/Z_system_processing_system7_0_0_in_context.xdc, line 49).
Applied set_property CLOCK_BUFFER_TYPE = NONE for DDR_dm[1]. (constraint file  c:/xilinx/vivado/motorpwm/motorpwm.gen/sources_1/bd/Z_system/ip/Z_system_processing_system7_0_0/Z_system_processing_system7_0_0/Z_system_processing_system7_0_0_in_context.xdc, line 50).
Applied set_property IO_BUFFER_TYPE = NONE for DDR_dqs_p[0]. (constraint file  c:/xilinx/vivado/motorpwm/motorpwm.gen/sources_1/bd/Z_system/ip/Z_system_processing_system7_0_0/Z_system_processing_system7_0_0/Z_system_processing_system7_0_0_in_context.xdc, line 51).
Applied set_property CLOCK_BUFFER_TYPE = NONE for DDR_dqs_p[0]. (constraint file  c:/xilinx/vivado/motorpwm/motorpwm.gen/sources_1/bd/Z_system/ip/Z_system_processing_system7_0_0/Z_system_processing_system7_0_0/Z_system_processing_system7_0_0_in_context.xdc, line 52).
Applied set_property IO_BUFFER_TYPE = NONE for DDR_dqs_p[1]. (constraint file  c:/xilinx/vivado/motorpwm/motorpwm.gen/sources_1/bd/Z_system/ip/Z_system_processing_system7_0_0/Z_system_processing_system7_0_0/Z_system_processing_system7_0_0_in_context.xdc, line 53).
Applied set_property CLOCK_BUFFER_TYPE = NONE for DDR_dqs_p[1]. (constraint file  c:/xilinx/vivado/motorpwm/motorpwm.gen/sources_1/bd/Z_system/ip/Z_system_processing_system7_0_0/Z_system_processing_system7_0_0/Z_system_processing_system7_0_0_in_context.xdc, line 54).
Applied set_property IO_BUFFER_TYPE = NONE for DDR_dqs_n[0]. (constraint file  c:/xilinx/vivado/motorpwm/motorpwm.gen/sources_1/bd/Z_system/ip/Z_system_processing_system7_0_0/Z_system_processing_system7_0_0/Z_system_processing_system7_0_0_in_context.xdc, line 55).
Applied set_property CLOCK_BUFFER_TYPE = NONE for DDR_dqs_n[0]. (constraint file  c:/xilinx/vivado/motorpwm/motorpwm.gen/sources_1/bd/Z_system/ip/Z_system_processing_system7_0_0/Z_system_processing_system7_0_0/Z_system_processing_system7_0_0_in_context.xdc, line 56).
Applied set_property IO_BUFFER_TYPE = NONE for DDR_dqs_n[1]. (constraint file  c:/xilinx/vivado/motorpwm/motorpwm.gen/sources_1/bd/Z_system/ip/Z_system_processing_system7_0_0/Z_system_processing_system7_0_0/Z_system_processing_system7_0_0_in_context.xdc, line 57).
Applied set_property CLOCK_BUFFER_TYPE = NONE for DDR_dqs_n[1]. (constraint file  c:/xilinx/vivado/motorpwm/motorpwm.gen/sources_1/bd/Z_system/ip/Z_system_processing_system7_0_0/Z_system_processing_system7_0_0/Z_system_processing_system7_0_0_in_context.xdc, line 58).
Applied set_property IO_BUFFER_TYPE = NONE for DDR_dq[0]. (constraint file  c:/xilinx/vivado/motorpwm/motorpwm.gen/sources_1/bd/Z_system/ip/Z_system_processing_system7_0_0/Z_system_processing_system7_0_0/Z_system_processing_system7_0_0_in_context.xdc, line 59).
Applied set_property CLOCK_BUFFER_TYPE = NONE for DDR_dq[0]. (constraint file  c:/xilinx/vivado/motorpwm/motorpwm.gen/sources_1/bd/Z_system/ip/Z_system_processing_system7_0_0/Z_system_processing_system7_0_0/Z_system_processing_system7_0_0_in_context.xdc, line 60).
Applied set_property IO_BUFFER_TYPE = NONE for DDR_dq[10]. (constraint file  c:/xilinx/vivado/motorpwm/motorpwm.gen/sources_1/bd/Z_system/ip/Z_system_processing_system7_0_0/Z_system_processing_system7_0_0/Z_system_processing_system7_0_0_in_context.xdc, line 61).
Applied set_property CLOCK_BUFFER_TYPE = NONE for DDR_dq[10]. (constraint file  c:/xilinx/vivado/motorpwm/motorpwm.gen/sources_1/bd/Z_system/ip/Z_system_processing_system7_0_0/Z_system_processing_system7_0_0/Z_system_processing_system7_0_0_in_context.xdc, line 62).
Applied set_property IO_BUFFER_TYPE = NONE for DDR_dq[11]. (constraint file  c:/xilinx/vivado/motorpwm/motorpwm.gen/sources_1/bd/Z_system/ip/Z_system_processing_system7_0_0/Z_system_processing_system7_0_0/Z_system_processing_system7_0_0_in_context.xdc, line 63).
Applied set_property CLOCK_BUFFER_TYPE = NONE for DDR_dq[11]. (constraint file  c:/xilinx/vivado/motorpwm/motorpwm.gen/sources_1/bd/Z_system/ip/Z_system_processing_system7_0_0/Z_system_processing_system7_0_0/Z_system_processing_system7_0_0_in_context.xdc, line 64).
Applied set_property IO_BUFFER_TYPE = NONE for DDR_dq[12]. (constraint file  c:/xilinx/vivado/motorpwm/motorpwm.gen/sources_1/bd/Z_system/ip/Z_system_processing_system7_0_0/Z_system_processing_system7_0_0/Z_system_processing_system7_0_0_in_context.xdc, line 65).
Applied set_property CLOCK_BUFFER_TYPE = NONE for DDR_dq[12]. (constraint file  c:/xilinx/vivado/motorpwm/motorpwm.gen/sources_1/bd/Z_system/ip/Z_system_processing_system7_0_0/Z_system_processing_system7_0_0/Z_system_processing_system7_0_0_in_context.xdc, line 66).
Applied set_property IO_BUFFER_TYPE = NONE for DDR_dq[13]. (constraint file  c:/xilinx/vivado/motorpwm/motorpwm.gen/sources_1/bd/Z_system/ip/Z_system_processing_system7_0_0/Z_system_processing_system7_0_0/Z_system_processing_system7_0_0_in_context.xdc, line 67).
Applied set_property CLOCK_BUFFER_TYPE = NONE for DDR_dq[13]. (constraint file  c:/xilinx/vivado/motorpwm/motorpwm.gen/sources_1/bd/Z_system/ip/Z_system_processing_system7_0_0/Z_system_processing_system7_0_0/Z_system_processing_system7_0_0_in_context.xdc, line 68).
Applied set_property IO_BUFFER_TYPE = NONE for DDR_dq[14]. (constraint file  c:/xilinx/vivado/motorpwm/motorpwm.gen/sources_1/bd/Z_system/ip/Z_system_processing_system7_0_0/Z_system_processing_system7_0_0/Z_system_processing_system7_0_0_in_context.xdc, line 69).
Applied set_property CLOCK_BUFFER_TYPE = NONE for DDR_dq[14]. (constraint file  c:/xilinx/vivado/motorpwm/motorpwm.gen/sources_1/bd/Z_system/ip/Z_system_processing_system7_0_0/Z_system_processing_system7_0_0/Z_system_processing_system7_0_0_in_context.xdc, line 70).
Applied set_property IO_BUFFER_TYPE = NONE for DDR_dq[15]. (constraint file  c:/xilinx/vivado/motorpwm/motorpwm.gen/sources_1/bd/Z_system/ip/Z_system_processing_system7_0_0/Z_system_processing_system7_0_0/Z_system_processing_system7_0_0_in_context.xdc, line 71).
Applied set_property CLOCK_BUFFER_TYPE = NONE for DDR_dq[15]. (constraint file  c:/xilinx/vivado/motorpwm/motorpwm.gen/sources_1/bd/Z_system/ip/Z_system_processing_system7_0_0/Z_system_processing_system7_0_0/Z_system_processing_system7_0_0_in_context.xdc, line 72).
Applied set_property IO_BUFFER_TYPE = NONE for DDR_dq[1]. (constraint file  c:/xilinx/vivado/motorpwm/motorpwm.gen/sources_1/bd/Z_system/ip/Z_system_processing_system7_0_0/Z_system_processing_system7_0_0/Z_system_processing_system7_0_0_in_context.xdc, line 73).
Applied set_property CLOCK_BUFFER_TYPE = NONE for DDR_dq[1]. (constraint file  c:/xilinx/vivado/motorpwm/motorpwm.gen/sources_1/bd/Z_system/ip/Z_system_processing_system7_0_0/Z_system_processing_system7_0_0/Z_system_processing_system7_0_0_in_context.xdc, line 74).
Applied set_property IO_BUFFER_TYPE = NONE for DDR_dq[2]. (constraint file  c:/xilinx/vivado/motorpwm/motorpwm.gen/sources_1/bd/Z_system/ip/Z_system_processing_system7_0_0/Z_system_processing_system7_0_0/Z_system_processing_system7_0_0_in_context.xdc, line 75).
Applied set_property CLOCK_BUFFER_TYPE = NONE for DDR_dq[2]. (constraint file  c:/xilinx/vivado/motorpwm/motorpwm.gen/sources_1/bd/Z_system/ip/Z_system_processing_system7_0_0/Z_system_processing_system7_0_0/Z_system_processing_system7_0_0_in_context.xdc, line 76).
Applied set_property IO_BUFFER_TYPE = NONE for DDR_dq[3]. (constraint file  c:/xilinx/vivado/motorpwm/motorpwm.gen/sources_1/bd/Z_system/ip/Z_system_processing_system7_0_0/Z_system_processing_system7_0_0/Z_system_processing_system7_0_0_in_context.xdc, line 77).
Applied set_property CLOCK_BUFFER_TYPE = NONE for DDR_dq[3]. (constraint file  c:/xilinx/vivado/motorpwm/motorpwm.gen/sources_1/bd/Z_system/ip/Z_system_processing_system7_0_0/Z_system_processing_system7_0_0/Z_system_processing_system7_0_0_in_context.xdc, line 78).
Applied set_property IO_BUFFER_TYPE = NONE for DDR_dq[4]. (constraint file  c:/xilinx/vivado/motorpwm/motorpwm.gen/sources_1/bd/Z_system/ip/Z_system_processing_system7_0_0/Z_system_processing_system7_0_0/Z_system_processing_system7_0_0_in_context.xdc, line 79).
Applied set_property CLOCK_BUFFER_TYPE = NONE for DDR_dq[4]. (constraint file  c:/xilinx/vivado/motorpwm/motorpwm.gen/sources_1/bd/Z_system/ip/Z_system_processing_system7_0_0/Z_system_processing_system7_0_0/Z_system_processing_system7_0_0_in_context.xdc, line 80).
Applied set_property IO_BUFFER_TYPE = NONE for DDR_dq[5]. (constraint file  c:/xilinx/vivado/motorpwm/motorpwm.gen/sources_1/bd/Z_system/ip/Z_system_processing_system7_0_0/Z_system_processing_system7_0_0/Z_system_processing_system7_0_0_in_context.xdc, line 81).
Applied set_property CLOCK_BUFFER_TYPE = NONE for DDR_dq[5]. (constraint file  c:/xilinx/vivado/motorpwm/motorpwm.gen/sources_1/bd/Z_system/ip/Z_system_processing_system7_0_0/Z_system_processing_system7_0_0/Z_system_processing_system7_0_0_in_context.xdc, line 82).
Applied set_property IO_BUFFER_TYPE = NONE for DDR_dq[6]. (constraint file  c:/xilinx/vivado/motorpwm/motorpwm.gen/sources_1/bd/Z_system/ip/Z_system_processing_system7_0_0/Z_system_processing_system7_0_0/Z_system_processing_system7_0_0_in_context.xdc, line 83).
Applied set_property CLOCK_BUFFER_TYPE = NONE for DDR_dq[6]. (constraint file  c:/xilinx/vivado/motorpwm/motorpwm.gen/sources_1/bd/Z_system/ip/Z_system_processing_system7_0_0/Z_system_processing_system7_0_0/Z_system_processing_system7_0_0_in_context.xdc, line 84).
Applied set_property IO_BUFFER_TYPE = NONE for DDR_dq[7]. (constraint file  c:/xilinx/vivado/motorpwm/motorpwm.gen/sources_1/bd/Z_system/ip/Z_system_processing_system7_0_0/Z_system_processing_system7_0_0/Z_system_processing_system7_0_0_in_context.xdc, line 85).
Applied set_property CLOCK_BUFFER_TYPE = NONE for DDR_dq[7]. (constraint file  c:/xilinx/vivado/motorpwm/motorpwm.gen/sources_1/bd/Z_system/ip/Z_system_processing_system7_0_0/Z_system_processing_system7_0_0/Z_system_processing_system7_0_0_in_context.xdc, line 86).
Applied set_property IO_BUFFER_TYPE = NONE for DDR_dq[8]. (constraint file  c:/xilinx/vivado/motorpwm/motorpwm.gen/sources_1/bd/Z_system/ip/Z_system_processing_system7_0_0/Z_system_processing_system7_0_0/Z_system_processing_system7_0_0_in_context.xdc, line 87).
Applied set_property CLOCK_BUFFER_TYPE = NONE for DDR_dq[8]. (constraint file  c:/xilinx/vivado/motorpwm/motorpwm.gen/sources_1/bd/Z_system/ip/Z_system_processing_system7_0_0/Z_system_processing_system7_0_0/Z_system_processing_system7_0_0_in_context.xdc, line 88).
Applied set_property IO_BUFFER_TYPE = NONE for DDR_dq[9]. (constraint file  c:/xilinx/vivado/motorpwm/motorpwm.gen/sources_1/bd/Z_system/ip/Z_system_processing_system7_0_0/Z_system_processing_system7_0_0/Z_system_processing_system7_0_0_in_context.xdc, line 89).
Applied set_property CLOCK_BUFFER_TYPE = NONE for DDR_dq[9]. (constraint file  c:/xilinx/vivado/motorpwm/motorpwm.gen/sources_1/bd/Z_system/ip/Z_system_processing_system7_0_0/Z_system_processing_system7_0_0/Z_system_processing_system7_0_0_in_context.xdc, line 90).
Applied set_property IO_BUFFER_TYPE = NONE for DDR_reset_n. (constraint file  c:/xilinx/vivado/motorpwm/motorpwm.gen/sources_1/bd/Z_system/ip/Z_system_processing_system7_0_0/Z_system_processing_system7_0_0/Z_system_processing_system7_0_0_in_context.xdc, line 91).
Applied set_property CLOCK_BUFFER_TYPE = NONE for DDR_reset_n. (constraint file  c:/xilinx/vivado/motorpwm/motorpwm.gen/sources_1/bd/Z_system/ip/Z_system_processing_system7_0_0/Z_system_processing_system7_0_0/Z_system_processing_system7_0_0_in_context.xdc, line 92).
Applied set_property IO_BUFFER_TYPE = NONE for DDR_odt. (constraint file  c:/xilinx/vivado/motorpwm/motorpwm.gen/sources_1/bd/Z_system/ip/Z_system_processing_system7_0_0/Z_system_processing_system7_0_0/Z_system_processing_system7_0_0_in_context.xdc, line 93).
Applied set_property CLOCK_BUFFER_TYPE = NONE for DDR_odt. (constraint file  c:/xilinx/vivado/motorpwm/motorpwm.gen/sources_1/bd/Z_system/ip/Z_system_processing_system7_0_0/Z_system_processing_system7_0_0/Z_system_processing_system7_0_0_in_context.xdc, line 94).
Applied set_property IO_BUFFER_TYPE = NONE for DDR_ras_n. (constraint file  c:/xilinx/vivado/motorpwm/motorpwm.gen/sources_1/bd/Z_system/ip/Z_system_processing_system7_0_0/Z_system_processing_system7_0_0/Z_system_processing_system7_0_0_in_context.xdc, line 95).
Applied set_property CLOCK_BUFFER_TYPE = NONE for DDR_ras_n. (constraint file  c:/xilinx/vivado/motorpwm/motorpwm.gen/sources_1/bd/Z_system/ip/Z_system_processing_system7_0_0/Z_system_processing_system7_0_0/Z_system_processing_system7_0_0_in_context.xdc, line 96).
Applied set_property IO_BUFFER_TYPE = NONE for FIXED_IO_ddr_vrn. (constraint file  c:/xilinx/vivado/motorpwm/motorpwm.gen/sources_1/bd/Z_system/ip/Z_system_processing_system7_0_0/Z_system_processing_system7_0_0/Z_system_processing_system7_0_0_in_context.xdc, line 97).
Applied set_property CLOCK_BUFFER_TYPE = NONE for FIXED_IO_ddr_vrn. (constraint file  c:/xilinx/vivado/motorpwm/motorpwm.gen/sources_1/bd/Z_system/ip/Z_system_processing_system7_0_0/Z_system_processing_system7_0_0/Z_system_processing_system7_0_0_in_context.xdc, line 98).
Applied set_property IO_BUFFER_TYPE = NONE for FIXED_IO_ddr_vrp. (constraint file  c:/xilinx/vivado/motorpwm/motorpwm.gen/sources_1/bd/Z_system/ip/Z_system_processing_system7_0_0/Z_system_processing_system7_0_0/Z_system_processing_system7_0_0_in_context.xdc, line 99).
Applied set_property CLOCK_BUFFER_TYPE = NONE for FIXED_IO_ddr_vrp. (constraint file  c:/xilinx/vivado/motorpwm/motorpwm.gen/sources_1/bd/Z_system/ip/Z_system_processing_system7_0_0/Z_system_processing_system7_0_0/Z_system_processing_system7_0_0_in_context.xdc, line 100).
Applied set_property IO_BUFFER_TYPE = NONE for DDR_we_n. (constraint file  c:/xilinx/vivado/motorpwm/motorpwm.gen/sources_1/bd/Z_system/ip/Z_system_processing_system7_0_0/Z_system_processing_system7_0_0/Z_system_processing_system7_0_0_in_context.xdc, line 101).
Applied set_property CLOCK_BUFFER_TYPE = NONE for DDR_we_n. (constraint file  c:/xilinx/vivado/motorpwm/motorpwm.gen/sources_1/bd/Z_system/ip/Z_system_processing_system7_0_0/Z_system_processing_system7_0_0/Z_system_processing_system7_0_0_in_context.xdc, line 102).
Applied set_property IO_BUFFER_TYPE = NONE for FIXED_IO_mio[0]. (constraint file  c:/xilinx/vivado/motorpwm/motorpwm.gen/sources_1/bd/Z_system/ip/Z_system_processing_system7_0_0/Z_system_processing_system7_0_0/Z_system_processing_system7_0_0_in_context.xdc, line 103).
Applied set_property CLOCK_BUFFER_TYPE = NONE for FIXED_IO_mio[0]. (constraint file  c:/xilinx/vivado/motorpwm/motorpwm.gen/sources_1/bd/Z_system/ip/Z_system_processing_system7_0_0/Z_system_processing_system7_0_0/Z_system_processing_system7_0_0_in_context.xdc, line 104).
Applied set_property IO_BUFFER_TYPE = NONE for FIXED_IO_mio[10]. (constraint file  c:/xilinx/vivado/motorpwm/motorpwm.gen/sources_1/bd/Z_system/ip/Z_system_processing_system7_0_0/Z_system_processing_system7_0_0/Z_system_processing_system7_0_0_in_context.xdc, line 105).
Applied set_property CLOCK_BUFFER_TYPE = NONE for FIXED_IO_mio[10]. (constraint file  c:/xilinx/vivado/motorpwm/motorpwm.gen/sources_1/bd/Z_system/ip/Z_system_processing_system7_0_0/Z_system_processing_system7_0_0/Z_system_processing_system7_0_0_in_context.xdc, line 106).
Applied set_property IO_BUFFER_TYPE = NONE for FIXED_IO_mio[11]. (constraint file  c:/xilinx/vivado/motorpwm/motorpwm.gen/sources_1/bd/Z_system/ip/Z_system_processing_system7_0_0/Z_system_processing_system7_0_0/Z_system_processing_system7_0_0_in_context.xdc, line 107).
Applied set_property CLOCK_BUFFER_TYPE = NONE for FIXED_IO_mio[11]. (constraint file  c:/xilinx/vivado/motorpwm/motorpwm.gen/sources_1/bd/Z_system/ip/Z_system_processing_system7_0_0/Z_system_processing_system7_0_0/Z_system_processing_system7_0_0_in_context.xdc, line 108).
Applied set_property IO_BUFFER_TYPE = NONE for FIXED_IO_mio[12]. (constraint file  c:/xilinx/vivado/motorpwm/motorpwm.gen/sources_1/bd/Z_system/ip/Z_system_processing_system7_0_0/Z_system_processing_system7_0_0/Z_system_processing_system7_0_0_in_context.xdc, line 109).
Applied set_property CLOCK_BUFFER_TYPE = NONE for FIXED_IO_mio[12]. (constraint file  c:/xilinx/vivado/motorpwm/motorpwm.gen/sources_1/bd/Z_system/ip/Z_system_processing_system7_0_0/Z_system_processing_system7_0_0/Z_system_processing_system7_0_0_in_context.xdc, line 110).
Applied set_property IO_BUFFER_TYPE = NONE for FIXED_IO_mio[13]. (constraint file  c:/xilinx/vivado/motorpwm/motorpwm.gen/sources_1/bd/Z_system/ip/Z_system_processing_system7_0_0/Z_system_processing_system7_0_0/Z_system_processing_system7_0_0_in_context.xdc, line 111).
Applied set_property CLOCK_BUFFER_TYPE = NONE for FIXED_IO_mio[13]. (constraint file  c:/xilinx/vivado/motorpwm/motorpwm.gen/sources_1/bd/Z_system/ip/Z_system_processing_system7_0_0/Z_system_processing_system7_0_0/Z_system_processing_system7_0_0_in_context.xdc, line 112).
Applied set_property IO_BUFFER_TYPE = NONE for FIXED_IO_mio[14]. (constraint file  c:/xilinx/vivado/motorpwm/motorpwm.gen/sources_1/bd/Z_system/ip/Z_system_processing_system7_0_0/Z_system_processing_system7_0_0/Z_system_processing_system7_0_0_in_context.xdc, line 113).
Applied set_property CLOCK_BUFFER_TYPE = NONE for FIXED_IO_mio[14]. (constraint file  c:/xilinx/vivado/motorpwm/motorpwm.gen/sources_1/bd/Z_system/ip/Z_system_processing_system7_0_0/Z_system_processing_system7_0_0/Z_system_processing_system7_0_0_in_context.xdc, line 114).
Applied set_property IO_BUFFER_TYPE = NONE for FIXED_IO_mio[15]. (constraint file  c:/xilinx/vivado/motorpwm/motorpwm.gen/sources_1/bd/Z_system/ip/Z_system_processing_system7_0_0/Z_system_processing_system7_0_0/Z_system_processing_system7_0_0_in_context.xdc, line 115).
Applied set_property CLOCK_BUFFER_TYPE = NONE for FIXED_IO_mio[15]. (constraint file  c:/xilinx/vivado/motorpwm/motorpwm.gen/sources_1/bd/Z_system/ip/Z_system_processing_system7_0_0/Z_system_processing_system7_0_0/Z_system_processing_system7_0_0_in_context.xdc, line 116).
Applied set_property IO_BUFFER_TYPE = NONE for FIXED_IO_mio[16]. (constraint file  c:/xilinx/vivado/motorpwm/motorpwm.gen/sources_1/bd/Z_system/ip/Z_system_processing_system7_0_0/Z_system_processing_system7_0_0/Z_system_processing_system7_0_0_in_context.xdc, line 117).
Applied set_property CLOCK_BUFFER_TYPE = NONE for FIXED_IO_mio[16]. (constraint file  c:/xilinx/vivado/motorpwm/motorpwm.gen/sources_1/bd/Z_system/ip/Z_system_processing_system7_0_0/Z_system_processing_system7_0_0/Z_system_processing_system7_0_0_in_context.xdc, line 118).
Applied set_property IO_BUFFER_TYPE = NONE for FIXED_IO_mio[17]. (constraint file  c:/xilinx/vivado/motorpwm/motorpwm.gen/sources_1/bd/Z_system/ip/Z_system_processing_system7_0_0/Z_system_processing_system7_0_0/Z_system_processing_system7_0_0_in_context.xdc, line 119).
Applied set_property CLOCK_BUFFER_TYPE = NONE for FIXED_IO_mio[17]. (constraint file  c:/xilinx/vivado/motorpwm/motorpwm.gen/sources_1/bd/Z_system/ip/Z_system_processing_system7_0_0/Z_system_processing_system7_0_0/Z_system_processing_system7_0_0_in_context.xdc, line 120).
Applied set_property IO_BUFFER_TYPE = NONE for FIXED_IO_mio[18]. (constraint file  c:/xilinx/vivado/motorpwm/motorpwm.gen/sources_1/bd/Z_system/ip/Z_system_processing_system7_0_0/Z_system_processing_system7_0_0/Z_system_processing_system7_0_0_in_context.xdc, line 121).
Applied set_property CLOCK_BUFFER_TYPE = NONE for FIXED_IO_mio[18]. (constraint file  c:/xilinx/vivado/motorpwm/motorpwm.gen/sources_1/bd/Z_system/ip/Z_system_processing_system7_0_0/Z_system_processing_system7_0_0/Z_system_processing_system7_0_0_in_context.xdc, line 122).
Applied set_property IO_BUFFER_TYPE = NONE for FIXED_IO_mio[19]. (constraint file  c:/xilinx/vivado/motorpwm/motorpwm.gen/sources_1/bd/Z_system/ip/Z_system_processing_system7_0_0/Z_system_processing_system7_0_0/Z_system_processing_system7_0_0_in_context.xdc, line 123).
Applied set_property CLOCK_BUFFER_TYPE = NONE for FIXED_IO_mio[19]. (constraint file  c:/xilinx/vivado/motorpwm/motorpwm.gen/sources_1/bd/Z_system/ip/Z_system_processing_system7_0_0/Z_system_processing_system7_0_0/Z_system_processing_system7_0_0_in_context.xdc, line 124).
Applied set_property IO_BUFFER_TYPE = NONE for FIXED_IO_mio[1]. (constraint file  c:/xilinx/vivado/motorpwm/motorpwm.gen/sources_1/bd/Z_system/ip/Z_system_processing_system7_0_0/Z_system_processing_system7_0_0/Z_system_processing_system7_0_0_in_context.xdc, line 125).
Applied set_property CLOCK_BUFFER_TYPE = NONE for FIXED_IO_mio[1]. (constraint file  c:/xilinx/vivado/motorpwm/motorpwm.gen/sources_1/bd/Z_system/ip/Z_system_processing_system7_0_0/Z_system_processing_system7_0_0/Z_system_processing_system7_0_0_in_context.xdc, line 126).
Applied set_property IO_BUFFER_TYPE = NONE for FIXED_IO_mio[20]. (constraint file  c:/xilinx/vivado/motorpwm/motorpwm.gen/sources_1/bd/Z_system/ip/Z_system_processing_system7_0_0/Z_system_processing_system7_0_0/Z_system_processing_system7_0_0_in_context.xdc, line 127).
Applied set_property CLOCK_BUFFER_TYPE = NONE for FIXED_IO_mio[20]. (constraint file  c:/xilinx/vivado/motorpwm/motorpwm.gen/sources_1/bd/Z_system/ip/Z_system_processing_system7_0_0/Z_system_processing_system7_0_0/Z_system_processing_system7_0_0_in_context.xdc, line 128).
Applied set_property IO_BUFFER_TYPE = NONE for FIXED_IO_mio[21]. (constraint file  c:/xilinx/vivado/motorpwm/motorpwm.gen/sources_1/bd/Z_system/ip/Z_system_processing_system7_0_0/Z_system_processing_system7_0_0/Z_system_processing_system7_0_0_in_context.xdc, line 129).
Applied set_property CLOCK_BUFFER_TYPE = NONE for FIXED_IO_mio[21]. (constraint file  c:/xilinx/vivado/motorpwm/motorpwm.gen/sources_1/bd/Z_system/ip/Z_system_processing_system7_0_0/Z_system_processing_system7_0_0/Z_system_processing_system7_0_0_in_context.xdc, line 130).
Applied set_property IO_BUFFER_TYPE = NONE for FIXED_IO_mio[22]. (constraint file  c:/xilinx/vivado/motorpwm/motorpwm.gen/sources_1/bd/Z_system/ip/Z_system_processing_system7_0_0/Z_system_processing_system7_0_0/Z_system_processing_system7_0_0_in_context.xdc, line 131).
Applied set_property CLOCK_BUFFER_TYPE = NONE for FIXED_IO_mio[22]. (constraint file  c:/xilinx/vivado/motorpwm/motorpwm.gen/sources_1/bd/Z_system/ip/Z_system_processing_system7_0_0/Z_system_processing_system7_0_0/Z_system_processing_system7_0_0_in_context.xdc, line 132).
Applied set_property IO_BUFFER_TYPE = NONE for FIXED_IO_mio[23]. (constraint file  c:/xilinx/vivado/motorpwm/motorpwm.gen/sources_1/bd/Z_system/ip/Z_system_processing_system7_0_0/Z_system_processing_system7_0_0/Z_system_processing_system7_0_0_in_context.xdc, line 133).
Applied set_property CLOCK_BUFFER_TYPE = NONE for FIXED_IO_mio[23]. (constraint file  c:/xilinx/vivado/motorpwm/motorpwm.gen/sources_1/bd/Z_system/ip/Z_system_processing_system7_0_0/Z_system_processing_system7_0_0/Z_system_processing_system7_0_0_in_context.xdc, line 134).
Applied set_property IO_BUFFER_TYPE = NONE for FIXED_IO_mio[24]. (constraint file  c:/xilinx/vivado/motorpwm/motorpwm.gen/sources_1/bd/Z_system/ip/Z_system_processing_system7_0_0/Z_system_processing_system7_0_0/Z_system_processing_system7_0_0_in_context.xdc, line 135).
Applied set_property CLOCK_BUFFER_TYPE = NONE for FIXED_IO_mio[24]. (constraint file  c:/xilinx/vivado/motorpwm/motorpwm.gen/sources_1/bd/Z_system/ip/Z_system_processing_system7_0_0/Z_system_processing_system7_0_0/Z_system_processing_system7_0_0_in_context.xdc, line 136).
Applied set_property IO_BUFFER_TYPE = NONE for FIXED_IO_mio[25]. (constraint file  c:/xilinx/vivado/motorpwm/motorpwm.gen/sources_1/bd/Z_system/ip/Z_system_processing_system7_0_0/Z_system_processing_system7_0_0/Z_system_processing_system7_0_0_in_context.xdc, line 137).
Applied set_property CLOCK_BUFFER_TYPE = NONE for FIXED_IO_mio[25]. (constraint file  c:/xilinx/vivado/motorpwm/motorpwm.gen/sources_1/bd/Z_system/ip/Z_system_processing_system7_0_0/Z_system_processing_system7_0_0/Z_system_processing_system7_0_0_in_context.xdc, line 138).
Applied set_property IO_BUFFER_TYPE = NONE for FIXED_IO_mio[26]. (constraint file  c:/xilinx/vivado/motorpwm/motorpwm.gen/sources_1/bd/Z_system/ip/Z_system_processing_system7_0_0/Z_system_processing_system7_0_0/Z_system_processing_system7_0_0_in_context.xdc, line 139).
Applied set_property CLOCK_BUFFER_TYPE = NONE for FIXED_IO_mio[26]. (constraint file  c:/xilinx/vivado/motorpwm/motorpwm.gen/sources_1/bd/Z_system/ip/Z_system_processing_system7_0_0/Z_system_processing_system7_0_0/Z_system_processing_system7_0_0_in_context.xdc, line 140).
Applied set_property IO_BUFFER_TYPE = NONE for FIXED_IO_mio[27]. (constraint file  c:/xilinx/vivado/motorpwm/motorpwm.gen/sources_1/bd/Z_system/ip/Z_system_processing_system7_0_0/Z_system_processing_system7_0_0/Z_system_processing_system7_0_0_in_context.xdc, line 141).
Applied set_property CLOCK_BUFFER_TYPE = NONE for FIXED_IO_mio[27]. (constraint file  c:/xilinx/vivado/motorpwm/motorpwm.gen/sources_1/bd/Z_system/ip/Z_system_processing_system7_0_0/Z_system_processing_system7_0_0/Z_system_processing_system7_0_0_in_context.xdc, line 142).
Applied set_property IO_BUFFER_TYPE = NONE for FIXED_IO_mio[28]. (constraint file  c:/xilinx/vivado/motorpwm/motorpwm.gen/sources_1/bd/Z_system/ip/Z_system_processing_system7_0_0/Z_system_processing_system7_0_0/Z_system_processing_system7_0_0_in_context.xdc, line 143).
Applied set_property CLOCK_BUFFER_TYPE = NONE for FIXED_IO_mio[28]. (constraint file  c:/xilinx/vivado/motorpwm/motorpwm.gen/sources_1/bd/Z_system/ip/Z_system_processing_system7_0_0/Z_system_processing_system7_0_0/Z_system_processing_system7_0_0_in_context.xdc, line 144).
Applied set_property IO_BUFFER_TYPE = NONE for FIXED_IO_mio[29]. (constraint file  c:/xilinx/vivado/motorpwm/motorpwm.gen/sources_1/bd/Z_system/ip/Z_system_processing_system7_0_0/Z_system_processing_system7_0_0/Z_system_processing_system7_0_0_in_context.xdc, line 145).
Applied set_property CLOCK_BUFFER_TYPE = NONE for FIXED_IO_mio[29]. (constraint file  c:/xilinx/vivado/motorpwm/motorpwm.gen/sources_1/bd/Z_system/ip/Z_system_processing_system7_0_0/Z_system_processing_system7_0_0/Z_system_processing_system7_0_0_in_context.xdc, line 146).
Applied set_property IO_BUFFER_TYPE = NONE for FIXED_IO_mio[2]. (constraint file  c:/xilinx/vivado/motorpwm/motorpwm.gen/sources_1/bd/Z_system/ip/Z_system_processing_system7_0_0/Z_system_processing_system7_0_0/Z_system_processing_system7_0_0_in_context.xdc, line 147).
Applied set_property CLOCK_BUFFER_TYPE = NONE for FIXED_IO_mio[2]. (constraint file  c:/xilinx/vivado/motorpwm/motorpwm.gen/sources_1/bd/Z_system/ip/Z_system_processing_system7_0_0/Z_system_processing_system7_0_0/Z_system_processing_system7_0_0_in_context.xdc, line 148).
Applied set_property IO_BUFFER_TYPE = NONE for FIXED_IO_mio[30]. (constraint file  c:/xilinx/vivado/motorpwm/motorpwm.gen/sources_1/bd/Z_system/ip/Z_system_processing_system7_0_0/Z_system_processing_system7_0_0/Z_system_processing_system7_0_0_in_context.xdc, line 149).
Applied set_property CLOCK_BUFFER_TYPE = NONE for FIXED_IO_mio[30]. (constraint file  c:/xilinx/vivado/motorpwm/motorpwm.gen/sources_1/bd/Z_system/ip/Z_system_processing_system7_0_0/Z_system_processing_system7_0_0/Z_system_processing_system7_0_0_in_context.xdc, line 150).
Applied set_property IO_BUFFER_TYPE = NONE for FIXED_IO_mio[31]. (constraint file  c:/xilinx/vivado/motorpwm/motorpwm.gen/sources_1/bd/Z_system/ip/Z_system_processing_system7_0_0/Z_system_processing_system7_0_0/Z_system_processing_system7_0_0_in_context.xdc, line 151).
Applied set_property CLOCK_BUFFER_TYPE = NONE for FIXED_IO_mio[31]. (constraint file  c:/xilinx/vivado/motorpwm/motorpwm.gen/sources_1/bd/Z_system/ip/Z_system_processing_system7_0_0/Z_system_processing_system7_0_0/Z_system_processing_system7_0_0_in_context.xdc, line 152).
Applied set_property IO_BUFFER_TYPE = NONE for FIXED_IO_mio[3]. (constraint file  c:/xilinx/vivado/motorpwm/motorpwm.gen/sources_1/bd/Z_system/ip/Z_system_processing_system7_0_0/Z_system_processing_system7_0_0/Z_system_processing_system7_0_0_in_context.xdc, line 153).
Applied set_property CLOCK_BUFFER_TYPE = NONE for FIXED_IO_mio[3]. (constraint file  c:/xilinx/vivado/motorpwm/motorpwm.gen/sources_1/bd/Z_system/ip/Z_system_processing_system7_0_0/Z_system_processing_system7_0_0/Z_system_processing_system7_0_0_in_context.xdc, line 154).
Applied set_property IO_BUFFER_TYPE = NONE for FIXED_IO_mio[4]. (constraint file  c:/xilinx/vivado/motorpwm/motorpwm.gen/sources_1/bd/Z_system/ip/Z_system_processing_system7_0_0/Z_system_processing_system7_0_0/Z_system_processing_system7_0_0_in_context.xdc, line 155).
Applied set_property CLOCK_BUFFER_TYPE = NONE for FIXED_IO_mio[4]. (constraint file  c:/xilinx/vivado/motorpwm/motorpwm.gen/sources_1/bd/Z_system/ip/Z_system_processing_system7_0_0/Z_system_processing_system7_0_0/Z_system_processing_system7_0_0_in_context.xdc, line 156).
Applied set_property IO_BUFFER_TYPE = NONE for FIXED_IO_mio[5]. (constraint file  c:/xilinx/vivado/motorpwm/motorpwm.gen/sources_1/bd/Z_system/ip/Z_system_processing_system7_0_0/Z_system_processing_system7_0_0/Z_system_processing_system7_0_0_in_context.xdc, line 157).
Applied set_property CLOCK_BUFFER_TYPE = NONE for FIXED_IO_mio[5]. (constraint file  c:/xilinx/vivado/motorpwm/motorpwm.gen/sources_1/bd/Z_system/ip/Z_system_processing_system7_0_0/Z_system_processing_system7_0_0/Z_system_processing_system7_0_0_in_context.xdc, line 158).
Applied set_property IO_BUFFER_TYPE = NONE for FIXED_IO_mio[6]. (constraint file  c:/xilinx/vivado/motorpwm/motorpwm.gen/sources_1/bd/Z_system/ip/Z_system_processing_system7_0_0/Z_system_processing_system7_0_0/Z_system_processing_system7_0_0_in_context.xdc, line 159).
Applied set_property CLOCK_BUFFER_TYPE = NONE for FIXED_IO_mio[6]. (constraint file  c:/xilinx/vivado/motorpwm/motorpwm.gen/sources_1/bd/Z_system/ip/Z_system_processing_system7_0_0/Z_system_processing_system7_0_0/Z_system_processing_system7_0_0_in_context.xdc, line 160).
Applied set_property IO_BUFFER_TYPE = NONE for FIXED_IO_mio[7]. (constraint file  c:/xilinx/vivado/motorpwm/motorpwm.gen/sources_1/bd/Z_system/ip/Z_system_processing_system7_0_0/Z_system_processing_system7_0_0/Z_system_processing_system7_0_0_in_context.xdc, line 161).
Applied set_property CLOCK_BUFFER_TYPE = NONE for FIXED_IO_mio[7]. (constraint file  c:/xilinx/vivado/motorpwm/motorpwm.gen/sources_1/bd/Z_system/ip/Z_system_processing_system7_0_0/Z_system_processing_system7_0_0/Z_system_processing_system7_0_0_in_context.xdc, line 162).
Applied set_property IO_BUFFER_TYPE = NONE for FIXED_IO_mio[8]. (constraint file  c:/xilinx/vivado/motorpwm/motorpwm.gen/sources_1/bd/Z_system/ip/Z_system_processing_system7_0_0/Z_system_processing_system7_0_0/Z_system_processing_system7_0_0_in_context.xdc, line 163).
Applied set_property CLOCK_BUFFER_TYPE = NONE for FIXED_IO_mio[8]. (constraint file  c:/xilinx/vivado/motorpwm/motorpwm.gen/sources_1/bd/Z_system/ip/Z_system_processing_system7_0_0/Z_system_processing_system7_0_0/Z_system_processing_system7_0_0_in_context.xdc, line 164).
Applied set_property IO_BUFFER_TYPE = NONE for FIXED_IO_mio[9]. (constraint file  c:/xilinx/vivado/motorpwm/motorpwm.gen/sources_1/bd/Z_system/ip/Z_system_processing_system7_0_0/Z_system_processing_system7_0_0/Z_system_processing_system7_0_0_in_context.xdc, line 165).
Applied set_property CLOCK_BUFFER_TYPE = NONE for FIXED_IO_mio[9]. (constraint file  c:/xilinx/vivado/motorpwm/motorpwm.gen/sources_1/bd/Z_system/ip/Z_system_processing_system7_0_0/Z_system_processing_system7_0_0/Z_system_processing_system7_0_0_in_context.xdc, line 166).
Applied set_property IO_BUFFER_TYPE = NONE for FIXED_IO_ps_clk. (constraint file  c:/xilinx/vivado/motorpwm/motorpwm.gen/sources_1/bd/Z_system/ip/Z_system_processing_system7_0_0/Z_system_processing_system7_0_0/Z_system_processing_system7_0_0_in_context.xdc, line 167).
Applied set_property CLOCK_BUFFER_TYPE = NONE for FIXED_IO_ps_clk. (constraint file  c:/xilinx/vivado/motorpwm/motorpwm.gen/sources_1/bd/Z_system/ip/Z_system_processing_system7_0_0/Z_system_processing_system7_0_0/Z_system_processing_system7_0_0_in_context.xdc, line 168).
Applied set_property IO_BUFFER_TYPE = NONE for FIXED_IO_ps_porb. (constraint file  c:/xilinx/vivado/motorpwm/motorpwm.gen/sources_1/bd/Z_system/ip/Z_system_processing_system7_0_0/Z_system_processing_system7_0_0/Z_system_processing_system7_0_0_in_context.xdc, line 169).
Applied set_property CLOCK_BUFFER_TYPE = NONE for FIXED_IO_ps_porb. (constraint file  c:/xilinx/vivado/motorpwm/motorpwm.gen/sources_1/bd/Z_system/ip/Z_system_processing_system7_0_0/Z_system_processing_system7_0_0/Z_system_processing_system7_0_0_in_context.xdc, line 170).
Applied set_property IO_BUFFER_TYPE = NONE for FIXED_IO_ps_srstb. (constraint file  c:/xilinx/vivado/motorpwm/motorpwm.gen/sources_1/bd/Z_system/ip/Z_system_processing_system7_0_0/Z_system_processing_system7_0_0/Z_system_processing_system7_0_0_in_context.xdc, line 171).
Applied set_property CLOCK_BUFFER_TYPE = NONE for FIXED_IO_ps_srstb. (constraint file  c:/xilinx/vivado/motorpwm/motorpwm.gen/sources_1/bd/Z_system/ip/Z_system_processing_system7_0_0/Z_system_processing_system7_0_0/Z_system_processing_system7_0_0_in_context.xdc, line 172).
Applied set_property KEEP_HIERARCHY = SOFT for Z_system_i. (constraint file  auto generated constraint).
Applied set_property KEEP_HIERARCHY = SOFT for Z_system_i/processing_system7_0. (constraint file  auto generated constraint).
---------------------------------------------------------------------------------
Finished applying 'set_property' XDC Constraints : Time (s): cpu = 00:00:29 ; elapsed = 00:00:32 . Memory (MB): peak = 1140.199 ; gain = 0.000
---------------------------------------------------------------------------------
---------------------------------------------------------------------------------
Finished RTL Optimization Phase 2 : Time (s): cpu = 00:00:30 ; elapsed = 00:00:32 . Memory (MB): peak = 1140.199 ; gain = 0.000
---------------------------------------------------------------------------------
---------------------------------------------------------------------------------
Start RTL Component Statistics 
---------------------------------------------------------------------------------
Detailed RTL Component Info : 
---------------------------------------------------------------------------------
Finished RTL Component Statistics 
---------------------------------------------------------------------------------
---------------------------------------------------------------------------------
Start Part Resource Summary
---------------------------------------------------------------------------------
Part Resources:
DSPs: 66 (col length:40)
BRAMs: 100 (col length: RAMB18 40 RAMB36 20)
---------------------------------------------------------------------------------
Finished Part Resource Summary
---------------------------------------------------------------------------------
---------------------------------------------------------------------------------
Start Cross Boundary and Area Optimization
---------------------------------------------------------------------------------
---------------------------------------------------------------------------------
Finished Cross Boundary and Area Optimization : Time (s): cpu = 00:00:32 ; elapsed = 00:00:34 . Memory (MB): peak = 1140.199 ; gain = 0.000
---------------------------------------------------------------------------------
---------------------------------------------------------------------------------
Start Applying XDC Timing Constraints
---------------------------------------------------------------------------------
---------------------------------------------------------------------------------
Finished Applying XDC Timing Constraints : Time (s): cpu = 00:00:44 ; elapsed = 00:00:46 . Memory (MB): peak = 1140.199 ; gain = 0.000
---------------------------------------------------------------------------------
---------------------------------------------------------------------------------
Start Timing Optimization
---------------------------------------------------------------------------------
---------------------------------------------------------------------------------
Finished Timing Optimization : Time (s): cpu = 00:00:44 ; elapsed = 00:00:46 . Memory (MB): peak = 1140.199 ; gain = 0.000
---------------------------------------------------------------------------------
---------------------------------------------------------------------------------
Start Technology Mapping
---------------------------------------------------------------------------------
---------------------------------------------------------------------------------
Finished Technology Mapping : Time (s): cpu = 00:00:44 ; elapsed = 00:00:46 . Memory (MB): peak = 1140.199 ; gain = 0.000
---------------------------------------------------------------------------------
---------------------------------------------------------------------------------
Start IO Insertion
---------------------------------------------------------------------------------
---------------------------------------------------------------------------------
Start Flattening Before IO Insertion
---------------------------------------------------------------------------------
---------------------------------------------------------------------------------
Finished Flattening Before IO Insertion
---------------------------------------------------------------------------------
---------------------------------------------------------------------------------
Start Final Netlist Cleanup
---------------------------------------------------------------------------------
---------------------------------------------------------------------------------
Finished Final Netlist Cleanup
---------------------------------------------------------------------------------
---------------------------------------------------------------------------------
Finished IO Insertion : Time (s): cpu = 00:00:59 ; elapsed = 00:01:02 . Memory (MB): peak = 1140.199 ; gain = 0.000
---------------------------------------------------------------------------------
---------------------------------------------------------------------------------
Start Renaming Generated Instances
---------------------------------------------------------------------------------
---------------------------------------------------------------------------------
Finished Renaming Generated Instances : Time (s): cpu = 00:00:59 ; elapsed = 00:01:02 . Memory (MB): peak = 1140.199 ; gain = 0.000
---------------------------------------------------------------------------------
---------------------------------------------------------------------------------
Start Rebuilding User Hierarchy
---------------------------------------------------------------------------------
---------------------------------------------------------------------------------
Finished Rebuilding User Hierarchy : Time (s): cpu = 00:00:59 ; elapsed = 00:01:02 . Memory (MB): peak = 1140.199 ; gain = 0.000
---------------------------------------------------------------------------------
---------------------------------------------------------------------------------
Start Renaming Generated Ports
---------------------------------------------------------------------------------
---------------------------------------------------------------------------------
Finished Renaming Generated Ports : Time (s): cpu = 00:00:59 ; elapsed = 00:01:02 . Memory (MB): peak = 1140.199 ; gain = 0.000
---------------------------------------------------------------------------------
---------------------------------------------------------------------------------
Start Handling Custom Attributes
---------------------------------------------------------------------------------
---------------------------------------------------------------------------------
Finished Handling Custom Attributes : Time (s): cpu = 00:00:59 ; elapsed = 00:01:02 . Memory (MB): peak = 1140.199 ; gain = 0.000
---------------------------------------------------------------------------------
---------------------------------------------------------------------------------
Start Renaming Generated Nets
---------------------------------------------------------------------------------
---------------------------------------------------------------------------------
Finished Renaming Generated Nets : Time (s): cpu = 00:00:59 ; elapsed = 00:01:02 . Memory (MB): peak = 1140.199 ; gain = 0.000
---------------------------------------------------------------------------------
---------------------------------------------------------------------------------
Start Writing Synthesis Report
---------------------------------------------------------------------------------

Report BlackBoxes: 
+------+--------------------------------+----------+
|      |BlackBox name                   |Instances |
+------+--------------------------------+----------+
|1     |Z_system_processing_system7_0_0 |         1|
+------+--------------------------------+----------+

Report Cell Usage: 
+------+-------------------------------------+------+
|      |Cell                                 |Count |
+------+-------------------------------------+------+
|1     |Z_system_processing_system7_0_0_bbox |     1|
|2     |OBUF                                 |     2|
+------+-------------------------------------+------+
---------------------------------------------------------------------------------
Finished Writing Synthesis Report : Time (s): cpu = 00:00:59 ; elapsed = 00:01:02 . Memory (MB): peak = 1140.199 ; gain = 0.000
---------------------------------------------------------------------------------
Synthesis finished with 0 errors, 0 critical warnings and 0 warnings.
Synthesis Optimization Runtime : Time (s): cpu = 00:00:45 ; elapsed = 00:00:59 . Memory (MB): peak = 1140.199 ; gain = 0.000
Synthesis Optimization Complete : Time (s): cpu = 00:01:00 ; elapsed = 00:01:03 . Memory (MB): peak = 1140.199 ; gain = 0.000
INFO: [Project 1-571] Translating synthesized netlist
Netlist sorting complete. Time (s): cpu = 00:00:00 ; elapsed = 00:00:00.002 . Memory (MB): peak = 1151.223 ; gain = 0.000
INFO: [Project 1-570] Preparing netlist for logic optimization
INFO: [Opt 31-138] Pushed 0 inverter(s) to 0 load pin(s).
Netlist sorting complete. Time (s): cpu = 00:00:00 ; elapsed = 00:00:00 . Memory (MB): peak = 1165.012 ; gain = 0.000
INFO: [Project 1-111] Unisim Transformation Summary:
No Unisim elements were transformed.

Synth Design complete, checksum: 857e67b
INFO: [Common 17-83] Releasing license: Synthesis
23 Infos, 0 Warnings, 0 Critical Warnings and 0 Errors encountered.
synth_design completed successfully
synth_design: Time (s): cpu = 00:01:08 ; elapsed = 00:01:13 . Memory (MB): peak = 1165.012 ; gain = 24.813
INFO: [Common 17-1381] The checkpoint 'C:/xilinx/vivado/motorpwm/motorpwm.runs/synth_1/Z_system_wrapper.dcp' has been generated.
INFO: [runtcl-4] Executing : report_utilization -file Z_system_wrapper_utilization_synth.rpt -pb Z_system_wrapper_utilization_synth.pb
INFO: [Common 17-206] Exiting Vivado at Sun May 28 17:22:57 2023...
